生成启动时间为 2019/11/19 14:17:56。
     1>项目“C:\Users\阳可\Desktop\address_list\address_list\address_list.vcxproj”在节点 2 上(Build 个目标)。
     1>ClCompile:
         D:\Visual Studio 2013\VC\bin\CL.exe /c /ZI /nologo /W3 /WX- /Od /Oy- /D WIN32 /D _DEBUG /D _CONSOLE /D _LIB /D _UNICODE /D UNICODE /Gm /EHsc /RTC1 /MDd /GS /fp:precise /Zc:wchar_t /Zc:forScope /Fo"Debug\\" /Fd"Debug\vc120.pdb" /Gd /TC /analyze- /errorReport:prompt contact.c
         contact.c
     1>c:\users\阳可\desktop\address_list\address_list\contact.c(21): warning C4013: “CheckCapacity”未定义；假设外部返回 int
     1>c:\users\阳可\desktop\address_list\address_list\contact.c(28): warning C4996: 'scanf': This function or variable may be unsafe. Consider using scanf_s instead. To disable deprecation, use _CRT_SECURE_NO_WARNINGS. See online help for details.
                 d:\visual studio 2013\vc\include\stdio.h(283) : 参见“scanf”的声明
     1>c:\users\阳可\desktop\address_list\address_list\contact.c(30): warning C4996: 'scanf': This function or variable may be unsafe. Consider using scanf_s instead. To disable deprecation, use _CRT_SECURE_NO_WARNINGS. See online help for details.
                 d:\visual studio 2013\vc\include\stdio.h(283) : 参见“scanf”的声明
     1>c:\users\阳可\desktop\address_list\address_list\contact.c(32): warning C4996: 'scanf': This function or variable may be unsafe. Consider using scanf_s instead. To disable deprecation, use _CRT_SECURE_NO_WARNINGS. See online help for details.
                 d:\visual studio 2013\vc\include\stdio.h(283) : 参见“scanf”的声明
     1>c:\users\阳可\desktop\address_list\address_list\contact.c(34): warning C4996: 'scanf': This function or variable may be unsafe. Consider using scanf_s instead. To disable deprecation, use _CRT_SECURE_NO_WARNINGS. See online help for details.
                 d:\visual studio 2013\vc\include\stdio.h(283) : 参见“scanf”的声明
     1>c:\users\阳可\desktop\address_list\address_list\contact.c(36): warning C4996: 'scanf': This function or variable may be unsafe. Consider using scanf_s instead. To disable deprecation, use _CRT_SECURE_NO_WARNINGS. See online help for details.
                 d:\visual studio 2013\vc\include\stdio.h(283) : 参见“scanf”的声明
     1>c:\users\阳可\desktop\address_list\address_list\contact.c(48): warning C4996: 'scanf': This function or variable may be unsafe. Consider using scanf_s instead. To disable deprecation, use _CRT_SECURE_NO_WARNINGS. See online help for details.
                 d:\visual studio 2013\vc\include\stdio.h(283) : 参见“scanf”的声明
     1>c:\users\阳可\desktop\address_list\address_list\contact.c(49): warning C4020: “FindContactAddr”: 实参太多
     1>c:\users\阳可\desktop\address_list\address_list\contact.c(68): warning C4996: 'scanf': This function or variable may be unsafe. Consider using scanf_s instead. To disable deprecation, use _CRT_SECURE_NO_WARNINGS. See online help for details.
                 d:\visual studio 2013\vc\include\stdio.h(283) : 参见“scanf”的声明
     1>c:\users\阳可\desktop\address_list\address_list\contact.c(88): warning C4029: 声明的形参表不同于定义
     1>c:\users\阳可\desktop\address_list\address_list\contact.c(103): warning C4996: 'scanf': This function or variable may be unsafe. Consider using scanf_s instead. To disable deprecation, use _CRT_SECURE_NO_WARNINGS. See online help for details.
                 d:\visual studio 2013\vc\include\stdio.h(283) : 参见“scanf”的声明
     1>c:\users\阳可\desktop\address_list\address_list\contact.c(111): warning C4996: 'scanf': This function or variable may be unsafe. Consider using scanf_s instead. To disable deprecation, use _CRT_SECURE_NO_WARNINGS. See online help for details.
                 d:\visual studio 2013\vc\include\stdio.h(283) : 参见“scanf”的声明
     1>c:\users\阳可\desktop\address_list\address_list\contact.c(113): warning C4996: 'scanf': This function or variable may be unsafe. Consider using scanf_s instead. To disable deprecation, use _CRT_SECURE_NO_WARNINGS. See online help for details.
                 d:\visual studio 2013\vc\include\stdio.h(283) : 参见“scanf”的声明
     1>c:\users\阳可\desktop\address_list\address_list\contact.c(115): warning C4996: 'scanf': This function or variable may be unsafe. Consider using scanf_s instead. To disable deprecation, use _CRT_SECURE_NO_WARNINGS. See online help for details.
                 d:\visual studio 2013\vc\include\stdio.h(283) : 参见“scanf”的声明
     1>c:\users\阳可\desktop\address_list\address_list\contact.c(117): warning C4996: 'scanf': This function or variable may be unsafe. Consider using scanf_s instead. To disable deprecation, use _CRT_SECURE_NO_WARNINGS. See online help for details.
                 d:\visual studio 2013\vc\include\stdio.h(283) : 参见“scanf”的声明
     1>c:\users\阳可\desktop\address_list\address_list\contact.c(176): warning C4996: 'fopen': This function or variable may be unsafe. Consider using fopen_s instead. To disable deprecation, use _CRT_SECURE_NO_WARNINGS. See online help for details.
                 d:\visual studio 2013\vc\include\stdio.h(211) : 参见“fopen”的声明
     1>c:\users\阳可\desktop\address_list\address_list\contact.c(200): warning C4996: 'fopen': This function or variable may be unsafe. Consider using fopen_s instead. To disable deprecation, use _CRT_SECURE_NO_WARNINGS. See online help for details.
                 d:\visual studio 2013\vc\include\stdio.h(211) : 参见“fopen”的声明
       Link:
         D:\Visual Studio 2013\VC\bin\link.exe /ERRORREPORT:PROMPT /OUT:"C:\Users\阳可\Desktop\address_list\Debug\address_list.exe" /INCREMENTAL /NOLOGO kernel32.lib user32.lib gdi32.lib winspool.lib comdlg32.lib advapi32.lib shell32.lib ole32.lib oleaut32.lib uuid.lib odbc32.lib odbccp32.lib /MANIFEST /MANIFESTUAC:"level='asInvoker' uiAccess='false'" /manifest:embed /DEBUG /PDB:"C:\Users\阳可\Desktop\address_list\Debug\address_list.pdb" /SUBSYSTEM:CONSOLE /TLBID:1 /DYNAMICBASE /NXCOMPAT /IMPLIB:"C:\Users\阳可\Desktop\address_list\Debug\address_list.lib" /MACHINE:X86 Debug\contact.obj
         Debug\test.obj
         address_list.vcxproj -> C:\Users\阳可\Desktop\address_list\Debug\address_list.exe
     1>已完成生成项目“C:\Users\阳可\Desktop\address_list\address_list\address_list.vcxproj”(Build 个目标)的操作。

生成成功。

已用时间 00:00:02.56
