生成启动时间为 2019/10/11 22:07:34。
     1>项目“C:\Users\阳可\Desktop\game_1\game_1\game_1.vcxproj”在节点 2 上(Build 个目标)。
     1>ClCompile:
         D:\Visual Studio 2013\VC\bin\CL.exe /c /ZI /nologo /W3 /WX- /Od /Oy- /D WIN32 /D _DEBUG /D _CONSOLE /D _LIB /D _UNICODE /D UNICODE /Gm /EHsc /RTC1 /MDd /GS /fp:precise /Zc:wchar_t /Zc:forScope /Fo"Debug\\" /Fd"Debug\vc120.pdb" /Gd /TC /analyze- /errorReport:prompt game.c test.c
         test.c
     1>c:\users\阳可\desktop\game_1\game_1\test.c(7): warning C4013: “printf”未定义；假设外部返回 int
     1>c:\users\阳可\desktop\game_1\game_1\test.c(18): warning C4013: “memset”未定义；假设外部返回 int
     1>c:\users\阳可\desktop\game_1\game_1\test.c(53): warning C4013: “srand”未定义；假设外部返回 int
     1>c:\users\阳可\desktop\game_1\game_1\test.c(58): warning C4013: “scanf”未定义；假设外部返回 int
     1>c:\users\阳可\desktop\game_1\game_1\test.c(74): warning C4013: “system”未定义；假设外部返回 int
         game.c
     1>c:\users\阳可\desktop\game_1\game_1\game.c(168): warning C4996: 'scanf': This function or variable may be unsafe. Consider using scanf_s instead. To disable deprecation, use _CRT_SECURE_NO_WARNINGS. See online help for details.
                 d:\visual studio 2013\vc\include\stdio.h(283) : 参见“scanf”的声明
         正在生成代码...
       Link:
         D:\Visual Studio 2013\VC\bin\link.exe /ERRORREPORT:PROMPT /OUT:"C:\Users\阳可\Desktop\game_1\Debug\game_1.exe" /INCREMENTAL /NOLOGO kernel32.lib user32.lib gdi32.lib winspool.lib comdlg32.lib advapi32.lib shell32.lib ole32.lib oleaut32.lib uuid.lib odbc32.lib odbccp32.lib /MANIFEST /MANIFESTUAC:"level='asInvoker' uiAccess='false'" /manifest:embed /DEBUG /PDB:"C:\Users\阳可\Desktop\game_1\Debug\game_1.pdb" /SUBSYSTEM:CONSOLE /TLBID:1 /DYNAMICBASE /NXCOMPAT /IMPLIB:"C:\Users\阳可\Desktop\game_1\Debug\game_1.lib" /MACHINE:X86 Debug\game.obj
         Debug\test.obj
         game_1.vcxproj -> C:\Users\阳可\Desktop\game_1\Debug\game_1.exe
     1>已完成生成项目“C:\Users\阳可\Desktop\game_1\game_1\game_1.vcxproj”(Build 个目标)的操作。

生成成功。

已用时间 00:00:02.53
